2013/02/21 05:02:45 Listening on ":8002"...
2013/02/21 05:02:45 listen tcp <nil>:8002: address already in use
2013/02/21 05:02:52 Listening on ":8080"...
2013/02/21 05:02:56 execute main: html/template: "main" is undefined
2013/02/21 05:02:56 execute main: html/template: "main" is undefined
2013/02/21 05:04:03 vanity: LoadTemplate("*.tpl.*").glob: no files found%!(EXTRA <nil>)
2013/02/21 05:04:12 Listening on ":8080"...
2013/02/21 05:05:05 vanity: File is stale: "projects.json"
2013/02/21 05:05:18 vanity: File is stale: "projects.json"
2013/02/21 05:14:53 Listening on ":8080"...
2013/02/21 05:16:11 Listening on ":8080"...
2013/02/21 05:16:27 vanity: File is stale: "projects.json"
2013/02/21 05:16:27 vanity: LoadProjects("projects.json").json: invalid character '}' looking for beginning of object key string
2013/02/21 05:16:27 vanity: File is stale: "projects.json"
2013/02/21 05:16:27 vanity: LoadProjects("projects.json").json: invalid character '}' looking for beginning of object key string
2013/02/21 05:16:27 vanity: File is stale: "projects.json"
2013/02/21 05:16:27 vanity: LoadProjects("projects.json").json: invalid character '}' looking for beginning of object key string
2013/02/21 05:16:27 vanity: File is stale: "projects.json"
2013/02/21 05:16:27 vanity: LoadProjects("projects.json").json: invalid character '}' looking for beginning of object key string
2013/02/21 05:16:48 vanity: File is stale: "projects.json"
2013/02/21 05:16:54 vanity: File is stale: "projects.json"
